Linux 3.19.0-15-generic (mbuntu) 	21/05/15 	_x86_64_	(1 CPU)

21/05/15 09:12:07
avg-cpu:  %user   %nice %system %iowait  %steal   %idle
           1.98    0.01    2.56    0.45    0.00   95.00

Device:         rrqm/s   wrqm/s     r/s     w/s    rkB/s    wkB/s avgrq-sz avgqu-sz   await r_await w_await  svctm  %util
sda               0.51    26.46   14.09    4.39   236.25   133.39    40.01     0.02    0.95    1.07    0.59   0.40   0.73
sdb               0.00     6.60    1.25   14.38     6.87    62.12     8.83     0.01    0.52    1.64    0.43   0.40   0.63
dm-0              0.00     0.00   12.02    4.58   213.51    30.53    29.40     0.02    1.03    1.15    0.71   0.35   0.58
dm-1              0.00     0.00    2.01   25.71     8.47   102.84     8.03     0.01    0.53    0.57    0.53   0.05   0.14

21/05/15 09:12:17
avg-cpu:  %user   %nice %system %iowait  %steal   %idle
           3.24    0.00    3.13    0.00    0.00   93.63

Device:         rrqm/s   wrqm/s     r/s     w/s    rkB/s    wkB/s avgrq-sz avgqu-sz   await r_await w_await  svctm  %util
sda               0.00     1.85    0.00    1.51     0.00    11.59    15.38     0.00    1.23    0.00    1.23   0.92   0.14
sdb               0.00     3.24    0.00   11.70     0.00    42.64     7.29     0.00    0.32    0.00    0.32   0.32   0.37
dm-0              0.00     0.00    0.00    2.90     0.00    11.59     8.00     0.00    0.48    0.00    0.48   0.48   0.14
dm-1              0.00     0.00    0.00    0.00     0.00     0.00     0.00     0.00    0.00    0.00    0.00   0.00   0.00

21/05/15 09:12:27
avg-cpu:  %user   %nice %system %iowait  %steal   %idle
           3.34    0.00    3.45    0.23    0.00   92.98

Device:         rrqm/s   wrqm/s     r/s     w/s    rkB/s    wkB/s avgrq-sz avgqu-sz   await r_await w_await  svctm  %util
sda               0.00     0.23    0.00    1.04     0.00     3.22     6.22     0.00    0.00    0.00    0.00   0.00   0.00
sdb               0.00     4.14    0.00   13.12     0.00    52.47     8.00     0.00    0.35    0.00    0.35   0.28   0.37
dm-0              0.00     0.00    0.00    0.81     0.00     3.22     8.00     0.00    0.00    0.00    0.00   0.00   0.00
dm-1              0.00     0.00    0.00    0.00     0.00     0.00     0.00     0.00    0.00    0.00    0.00   0.00   0.00

21/05/15 09:12:37
avg-cpu:  %user   %nice %system %iowait  %steal   %idle
           2.63    0.00    2.97    0.11    0.00   94.29

Device:         rrqm/s   wrqm/s     r/s     w/s    rkB/s    wkB/s avgrq-sz avgqu-sz   await r_await w_await  svctm  %util
sda               0.23     0.00    0.23    0.00     1.83     0.00    16.00     0.00    4.00    4.00    0.00   4.00   0.09
sdb               0.00     3.89    0.00   12.34     0.00    48.46     7.85     0.00    0.33    0.00    0.33   0.33   0.41
dm-0              0.00     0.00    0.00    0.00     0.00     0.00     0.00     0.00    0.00    0.00    0.00   0.00   0.00
dm-1              0.00     0.00    0.46    0.00     1.83     0.00     8.00     0.00    4.00    4.00    0.00   2.00   0.09

21/05/15 09:12:47
avg-cpu:  %user   %nice %system %iowait  %steal   %idle
           2.30    0.00    3.57    0.12    0.00   94.02

Device:         rrqm/s   wrqm/s     r/s     w/s    rkB/s    wkB/s avgrq-sz avgqu-sz   await r_await w_await  svctm  %util
sda               0.00     0.23    0.00    1.50     0.00     5.98     8.00     0.00    0.00    0.00    0.00   0.00   0.00
sdb               0.00     5.06    0.00   14.04     0.00    58.46     8.33     0.01    0.36    0.00    0.36   0.36   0.51
dm-0              0.00     0.00    0.00    1.50     0.00     5.98     8.00     0.00    0.00    0.00    0.00   0.00   0.00
dm-1              0.00     0.00    0.00    0.00     0.00     0.00     0.00     0.00    0.00    0.00    0.00   0.00   0.00

