MongoDB shell version: 3.0.6
connecting to: 172.31.0.78:37001/test
{
	"set" : "rs1",
	"date" : ISODate("2015-10-27T09:17:49.783Z"),
	"myState" : 1,
	"members" : [
		{
			"_id" : 0,
			"name" : "172.31.0.78:37001",
			"health" : 1,
			"state" : 1,
			"stateStr" : "PRIMARY",
			"uptime" : 123,
			"optime" : Timestamp(1445937437, 3),
			"optimeDate" : ISODate("2015-10-27T09:17:17Z"),
			"electionTime" : Timestamp(1445937437, 2),
			"electionDate" : ISODate("2015-10-27T09:17:17Z"),
			"configVersion" : 86777,
			"self" : true
		},
		{
			"_id" : 1,
			"name" : "172.31.12.248:47001",
			"health" : 1,
			"state" : 2,
			"stateStr" : "SECONDARY",
			"uptime" : 32,
			"optime" : Timestamp(1445937437, 3),
			"optimeDate" : ISODate("2015-10-27T09:17:17Z"),
			"lastHeartbeat" : ISODate("2015-10-27T09:17:49.108Z"),
			"lastHeartbeatRecv" : ISODate("2015-10-27T09:17:49.483Z"),
			"pingMs" : 0,
			"configVersion" : 86777
		}
	],
	"ok" : 1
}
bye
