MongoDB shell version: 3.0.6
connecting to: 172.31.0.78:37007/test
{
	"set" : "rs7",
	"date" : ISODate("2015-10-27T09:17:56.039Z"),
	"myState" : 1,
	"members" : [
		{
			"_id" : 0,
			"name" : "172.31.0.78:37007",
			"health" : 1,
			"state" : 1,
			"stateStr" : "PRIMARY",
			"uptime" : 128,
			"optime" : Timestamp(1445937444, 3),
			"optimeDate" : ISODate("2015-10-27T09:17:24Z"),
			"electionTime" : Timestamp(1445937444, 2),
			"electionDate" : ISODate("2015-10-27T09:17:24Z"),
			"configVersion" : 93306,
			"self" : true
		},
		{
			"_id" : 1,
			"name" : "172.31.12.248:47007",
			"health" : 1,
			"state" : 2,
			"stateStr" : "SECONDARY",
			"uptime" : 31,
			"optime" : Timestamp(1445937444, 3),
			"optimeDate" : ISODate("2015-10-27T09:17:24Z"),
			"lastHeartbeat" : ISODate("2015-10-27T09:17:55.400Z"),
			"lastHeartbeatRecv" : ISODate("2015-10-27T09:17:54.175Z"),
			"pingMs" : 0,
			"configVersion" : 93306
		}
	],
	"ok" : 1
}
bye
