MongoDB shell version: 3.0.6
connecting to: 172.31.0.78:37015/test
{
	"set" : "rs15",
	"date" : ISODate("2015-10-19T23:47:19.971Z"),
	"myState" : 1,
	"members" : [
		{
			"_id" : 0,
			"name" : "172.31.0.78:37015",
			"health" : 1,
			"state" : 1,
			"stateStr" : "PRIMARY",
			"uptime" : 138,
			"optime" : Timestamp(1445298406, 3),
			"optimeDate" : ISODate("2015-10-19T23:46:46Z"),
			"electionTime" : Timestamp(1445298406, 2),
			"electionDate" : ISODate("2015-10-19T23:46:46Z"),
			"configVersion" : 145101,
			"self" : true
		},
		{
			"_id" : 1,
			"name" : "172.31.12.248:47015",
			"health" : 1,
			"state" : 2,
			"stateStr" : "SECONDARY",
			"uptime" : 33,
			"optime" : Timestamp(1445298406, 3),
			"optimeDate" : ISODate("2015-10-19T23:46:46Z"),
			"lastHeartbeat" : ISODate("2015-10-19T23:47:19.291Z"),
			"lastHeartbeatRecv" : ISODate("2015-10-19T23:47:18.458Z"),
			"pingMs" : 0,
			"configVersion" : 145101
		}
	],
	"ok" : 1
}
bye
