MongoDB shell version: 3.0.6
connecting to: 172.31.0.78:37013/test
{
	"set" : "rs13",
	"date" : ISODate("2015-10-27T09:18:02.294Z"),
	"myState" : 1,
	"members" : [
		{
			"_id" : 0,
			"name" : "172.31.0.78:37013",
			"health" : 1,
			"state" : 1,
			"stateStr" : "PRIMARY",
			"uptime" : 135,
			"optime" : Timestamp(1445937450, 3),
			"optimeDate" : ISODate("2015-10-27T09:17:30Z"),
			"electionTime" : Timestamp(1445937450, 2),
			"electionDate" : ISODate("2015-10-27T09:17:30Z"),
			"configVersion" : 115761,
			"self" : true
		},
		{
			"_id" : 1,
			"name" : "172.31.12.248:47013",
			"health" : 1,
			"state" : 2,
			"stateStr" : "SECONDARY",
			"uptime" : 31,
			"optime" : Timestamp(1445937450, 3),
			"optimeDate" : ISODate("2015-10-27T09:17:30Z"),
			"lastHeartbeat" : ISODate("2015-10-27T09:18:01.694Z"),
			"lastHeartbeatRecv" : ISODate("2015-10-27T09:18:00.886Z"),
			"pingMs" : 0,
			"configVersion" : 115761
		}
	],
	"ok" : 1
}
bye
