MongoDB shell version: 3.0.6
connecting to: 172.31.0.78:37005/test
{
	"set" : "rs5",
	"date" : ISODate("2015-10-27T09:17:53.954Z"),
	"myState" : 1,
	"members" : [
		{
			"_id" : 0,
			"name" : "172.31.0.78:37005",
			"health" : 1,
			"state" : 1,
			"stateStr" : "PRIMARY",
			"uptime" : 125,
			"optime" : Timestamp(1445937441, 3),
			"optimeDate" : ISODate("2015-10-27T09:17:21Z"),
			"electionTime" : Timestamp(1445937441, 2),
			"electionDate" : ISODate("2015-10-27T09:17:21Z"),
			"configVersion" : 182835,
			"self" : true
		},
		{
			"_id" : 1,
			"name" : "172.31.12.248:47005",
			"health" : 1,
			"state" : 2,
			"stateStr" : "SECONDARY",
			"uptime" : 32,
			"optime" : Timestamp(1445937441, 3),
			"optimeDate" : ISODate("2015-10-27T09:17:21Z"),
			"lastHeartbeat" : ISODate("2015-10-27T09:17:53.304Z"),
			"lastHeartbeatRecv" : ISODate("2015-10-27T09:17:51.968Z"),
			"pingMs" : 0,
			"configVersion" : 182835
		}
	],
	"ok" : 1
}
bye
