MongoDB shell version: 3.0.6
connecting to: 172.31.0.78:37011/test
{
	"set" : "rs11",
	"date" : ISODate("2015-10-27T09:18:00.211Z"),
	"myState" : 1,
	"members" : [
		{
			"_id" : 0,
			"name" : "172.31.0.78:37011",
			"health" : 1,
			"state" : 1,
			"stateStr" : "PRIMARY",
			"uptime" : 133,
			"optime" : Timestamp(1445937448, 3),
			"optimeDate" : ISODate("2015-10-27T09:17:28Z"),
			"electionTime" : Timestamp(1445937448, 2),
			"electionDate" : ISODate("2015-10-27T09:17:28Z"),
			"configVersion" : 50458,
			"self" : true
		},
		{
			"_id" : 1,
			"name" : "172.31.12.248:47011",
			"health" : 1,
			"state" : 2,
			"stateStr" : "SECONDARY",
			"uptime" : 31,
			"optime" : Timestamp(1445937448, 3),
			"optimeDate" : ISODate("2015-10-27T09:17:28Z"),
			"lastHeartbeat" : ISODate("2015-10-27T09:17:59.597Z"),
			"lastHeartbeatRecv" : ISODate("2015-10-27T09:17:58.626Z"),
			"pingMs" : 0,
			"configVersion" : 50458
		}
	],
	"ok" : 1
}
bye
