MongoDB shell version: 3.0.6
connecting to: 172.31.0.78:37014/test
{
	"set" : "rs14",
	"date" : ISODate("2015-10-27T09:18:03.336Z"),
	"myState" : 1,
	"members" : [
		{
			"_id" : 0,
			"name" : "172.31.0.78:37014",
			"health" : 1,
			"state" : 1,
			"stateStr" : "PRIMARY",
			"uptime" : 136,
			"optime" : Timestamp(1445937451, 3),
			"optimeDate" : ISODate("2015-10-27T09:17:31Z"),
			"electionTime" : Timestamp(1445937451, 2),
			"electionDate" : ISODate("2015-10-27T09:17:31Z"),
			"configVersion" : 64679,
			"self" : true
		},
		{
			"_id" : 1,
			"name" : "172.31.12.248:47014",
			"health" : 1,
			"state" : 2,
			"stateStr" : "SECONDARY",
			"uptime" : 31,
			"optime" : Timestamp(1445937451, 3),
			"optimeDate" : ISODate("2015-10-27T09:17:31Z"),
			"lastHeartbeat" : ISODate("2015-10-27T09:18:02.742Z"),
			"lastHeartbeatRecv" : ISODate("2015-10-27T09:18:02Z"),
			"pingMs" : 0,
			"configVersion" : 64679
		}
	],
	"ok" : 1
}
bye
