MongoDB shell version: 3.0.6
connecting to: 172.31.0.78:37003/test
{
	"set" : "rs3",
	"date" : ISODate("2015-10-27T09:17:51.869Z"),
	"myState" : 1,
	"members" : [
		{
			"_id" : 0,
			"name" : "172.31.0.78:37003",
			"health" : 1,
			"state" : 1,
			"stateStr" : "PRIMARY",
			"uptime" : 123,
			"optime" : Timestamp(1445937439, 3),
			"optimeDate" : ISODate("2015-10-27T09:17:19Z"),
			"electionTime" : Timestamp(1445937439, 2),
			"electionDate" : ISODate("2015-10-27T09:17:19Z"),
			"configVersion" : 107053,
			"self" : true
		},
		{
			"_id" : 1,
			"name" : "172.31.12.248:47003",
			"health" : 1,
			"state" : 2,
			"stateStr" : "SECONDARY",
			"uptime" : 32,
			"optime" : Timestamp(1445937439, 3),
			"optimeDate" : ISODate("2015-10-27T09:17:19Z"),
			"lastHeartbeat" : ISODate("2015-10-27T09:17:51.207Z"),
			"lastHeartbeatRecv" : ISODate("2015-10-27T09:17:51.699Z"),
			"pingMs" : 0,
			"configVersion" : 107053
		}
	],
	"ok" : 1
}
bye
