MongoDB shell version: 3.0.6
connecting to: 172.31.0.78:37012/test
{
	"set" : "rs12",
	"date" : ISODate("2015-10-27T09:18:01.253Z"),
	"myState" : 1,
	"members" : [
		{
			"_id" : 0,
			"name" : "172.31.0.78:37012",
			"health" : 1,
			"state" : 1,
			"stateStr" : "PRIMARY",
			"uptime" : 134,
			"optime" : Timestamp(1445937449, 3),
			"optimeDate" : ISODate("2015-10-27T09:17:29Z"),
			"electionTime" : Timestamp(1445937449, 2),
			"electionDate" : ISODate("2015-10-27T09:17:29Z"),
			"configVersion" : 147993,
			"self" : true
		},
		{
			"_id" : 1,
			"name" : "172.31.12.248:47012",
			"health" : 1,
			"state" : 2,
			"stateStr" : "SECONDARY",
			"uptime" : 31,
			"optime" : Timestamp(1445937449, 3),
			"optimeDate" : ISODate("2015-10-27T09:17:29Z"),
			"lastHeartbeat" : ISODate("2015-10-27T09:18:00.645Z"),
			"lastHeartbeatRecv" : ISODate("2015-10-27T09:17:59.749Z"),
			"pingMs" : 0,
			"configVersion" : 147993
		}
	],
	"ok" : 1
}
bye
