MongoDB shell version: 3.0.6
connecting to: 172.31.0.78:37008/test
{
	"set" : "rs8",
	"date" : ISODate("2015-10-27T09:17:57.083Z"),
	"myState" : 1,
	"members" : [
		{
			"_id" : 0,
			"name" : "172.31.0.78:37008",
			"health" : 1,
			"state" : 1,
			"stateStr" : "PRIMARY",
			"uptime" : 131,
			"optime" : Timestamp(1445937445, 3),
			"optimeDate" : ISODate("2015-10-27T09:17:25Z"),
			"electionTime" : Timestamp(1445937445, 2),
			"electionDate" : ISODate("2015-10-27T09:17:25Z"),
			"configVersion" : 68232,
			"self" : true
		},
		{
			"_id" : 1,
			"name" : "172.31.12.248:47008",
			"health" : 1,
			"state" : 2,
			"stateStr" : "SECONDARY",
			"uptime" : 31,
			"optime" : Timestamp(1445937445, 3),
			"optimeDate" : ISODate("2015-10-27T09:17:25Z"),
			"lastHeartbeat" : ISODate("2015-10-27T09:17:56.452Z"),
			"lastHeartbeatRecv" : ISODate("2015-10-27T09:17:55.288Z"),
			"pingMs" : 0,
			"configVersion" : 68232
		}
	],
	"ok" : 1
}
bye
