MongoDB shell version: 3.0.6
connecting to: 172.31.0.78:37006/test
{
	"set" : "rs6",
	"date" : ISODate("2015-10-27T09:17:54.997Z"),
	"myState" : 1,
	"members" : [
		{
			"_id" : 0,
			"name" : "172.31.0.78:37006",
			"health" : 1,
			"state" : 1,
			"stateStr" : "PRIMARY",
			"uptime" : 128,
			"optime" : Timestamp(1445937443, 3),
			"optimeDate" : ISODate("2015-10-27T09:17:23Z"),
			"electionTime" : Timestamp(1445937443, 2),
			"electionDate" : ISODate("2015-10-27T09:17:23Z"),
			"configVersion" : 194887,
			"self" : true
		},
		{
			"_id" : 1,
			"name" : "172.31.12.248:47006",
			"health" : 1,
			"state" : 2,
			"stateStr" : "SECONDARY",
			"uptime" : 31,
			"optime" : Timestamp(1445937443, 3),
			"optimeDate" : ISODate("2015-10-27T09:17:23Z"),
			"lastHeartbeat" : ISODate("2015-10-27T09:17:54.352Z"),
			"lastHeartbeatRecv" : ISODate("2015-10-27T09:17:53.079Z"),
			"pingMs" : 0,
			"configVersion" : 194887
		}
	],
	"ok" : 1
}
bye
